<?xml version="1.0" encoding="utf-8"?>
<TestRun id="5e0d38bd-7a57-4083-a530-d0667cbee3ab" name="goert@PC-CORSAIR 2022-11-25 11:54:32" runUser="PC-CORSAIR\goert" xmlns="http://microsoft.com/schemas/VisualStudio/TeamTest/2010">
  <Times creation="2022-11-25T11:54:32.3933145+01:00" queuing="2022-11-25T11:54:32.3933147+01:00" start="2022-11-25T11:54:29.5554916+01:00" finish="2022-11-25T11:54:32.4005510+01:00" />
  <TestSettings name="default" id="71b47926-5720-47d9-93a8-4ec0d1cb125b">
    <Deployment runDeploymentRoot="goert_PC-CORSAIR_2022-11-25_11_54_32" />
  </TestSettings>
  <Results>
    <UnitTestResult executionId="c9a28692-37ab-4c72-9e96-6cd7a21b5dc7" testId="225b0d60-259b-a970-a8ac-9482d7dc3967" testName="Forums.Test.UnitTest.QueryTests.GetSingleForum_WithoutId" computerName="PC-CORSAIR" duration="00:00:00.0040091" startTime="2022-11-25T11:54:32.1477380+01:00" endTime="2022-11-25T11:54:32.1477381+01:00" testType="13cdc9d9-ddb5-4fa4-a97d-d965ccfc6d4b" outcome="Passed" testListId="8c84fa94-04c1-424b-9868-57a2d4851a1d" relativeResultsDirectory="c9a28692-37ab-4c72-9e96-6cd7a21b5dc7" />
    <UnitTestResult executionId="15550176-553c-42c6-94c3-12f206e9128c" testId="e0bd3887-205b-682e-8eb1-dea97da8acfb" testName="Forums.Test.UnitTest.QueryTests.GetSingleForum" computerName="PC-CORSAIR" duration="00:00:00.0012830" startTime="2022-11-25T11:54:32.1491188+01:00" endTime="2022-11-25T11:54:32.1491189+01:00" testType="13cdc9d9-ddb5-4fa4-a97d-d965ccfc6d4b" outcome="Passed" testListId="8c84fa94-04c1-424b-9868-57a2d4851a1d" relativeResultsDirectory="15550176-553c-42c6-94c3-12f206e9128c" />
    <UnitTestResult executionId="938b3c69-ed9e-41a9-afae-c3c73c8c8d9f" testId="3fa26289-8f09-3bf9-13fd-8ff80dc547e3" testName="Forums.Test.UnitTest.QueryTests.GetAllForums" computerName="PC-CORSAIR" duration="00:00:00.0794957" startTime="2022-11-25T11:54:32.1436306+01:00" endTime="2022-11-25T11:54:32.1436310+01:00" testType="13cdc9d9-ddb5-4fa4-a97d-d965ccfc6d4b" outcome="Passed" testListId="8c84fa94-04c1-424b-9868-57a2d4851a1d" relativeResultsDirectory="938b3c69-ed9e-41a9-afae-c3c73c8c8d9f" />
    <UnitTestResult executionId="f7c306f4-6d51-4d15-8d10-8d8f866797f7" testId="0d0a182f-c88c-8656-9d62-62f0eb4bf803" testName="Forums.Test.Model.Testing.ForumDTOTest.ConstructorTest" computerName="PC-CORSAIR" duration="00:00:00.0288697" startTime="2022-11-25T11:54:32.0995180+01:00" endTime="2022-11-25T11:54:32.0995567+01:00" testType="13cdc9d9-ddb5-4fa4-a97d-d965ccfc6d4b" outcome="Passed" testListId="8c84fa94-04c1-424b-9868-57a2d4851a1d" relativeResultsDirectory="f7c306f4-6d51-4d15-8d10-8d8f866797f7" />
  </Results>
  <TestDefinitions>
    <UnitTest name="Forums.Test.UnitTest.QueryTests.GetSingleForum_WithoutId" storage="d:\forums.api\forums.test\bin\debug\net6.0\forums.test.dll" id="225b0d60-259b-a970-a8ac-9482d7dc3967">
      <Execution id="c9a28692-37ab-4c72-9e96-6cd7a21b5dc7" />
      <TestMethod codeBase="D:\Forums.API\Forums.Test\bin\Debug\net6.0\Forums.Test.dll" adapterTypeName="executor://xunit/VsTestRunner2/netcoreapp" className="Forums.Test.UnitTest.QueryTests" name="GetSingleForum_WithoutId" />
    </UnitTest>
    <UnitTest name="Forums.Test.UnitTest.QueryTests.GetAllForums" storage="d:\forums.api\forums.test\bin\debug\net6.0\forums.test.dll" id="3fa26289-8f09-3bf9-13fd-8ff80dc547e3">
      <Execution id="938b3c69-ed9e-41a9-afae-c3c73c8c8d9f" />
      <TestMethod codeBase="D:\Forums.API\Forums.Test\bin\Debug\net6.0\Forums.Test.dll" adapterTypeName="executor://xunit/VsTestRunner2/netcoreapp" className="Forums.Test.UnitTest.QueryTests" name="GetAllForums" />
    </UnitTest>
    <UnitTest name="Forums.Test.UnitTest.QueryTests.GetSingleForum" storage="d:\forums.api\forums.test\bin\debug\net6.0\forums.test.dll" id="e0bd3887-205b-682e-8eb1-dea97da8acfb">
      <Execution id="15550176-553c-42c6-94c3-12f206e9128c" />
      <TestMethod codeBase="D:\Forums.API\Forums.Test\bin\Debug\net6.0\Forums.Test.dll" adapterTypeName="executor://xunit/VsTestRunner2/netcoreapp" className="Forums.Test.UnitTest.QueryTests" name="GetSingleForum" />
    </UnitTest>
    <UnitTest name="Forums.Test.Model.Testing.ForumDTOTest.ConstructorTest" storage="d:\forums.api\forums.test\bin\debug\net6.0\forums.test.dll" id="0d0a182f-c88c-8656-9d62-62f0eb4bf803">
      <Execution id="f7c306f4-6d51-4d15-8d10-8d8f866797f7" />
      <TestMethod codeBase="D:\Forums.API\Forums.Test\bin\Debug\net6.0\Forums.Test.dll" adapterTypeName="executor://xunit/VsTestRunner2/netcoreapp" className="Forums.Test.Model.Testing.ForumDTOTest" name="ConstructorTest" />
    </UnitTest>
  </TestDefinitions>
  <TestEntries>
    <TestEntry testId="225b0d60-259b-a970-a8ac-9482d7dc3967" executionId="c9a28692-37ab-4c72-9e96-6cd7a21b5dc7" testListId="8c84fa94-04c1-424b-9868-57a2d4851a1d" />
    <TestEntry testId="e0bd3887-205b-682e-8eb1-dea97da8acfb" executionId="15550176-553c-42c6-94c3-12f206e9128c" testListId="8c84fa94-04c1-424b-9868-57a2d4851a1d" />
    <TestEntry testId="3fa26289-8f09-3bf9-13fd-8ff80dc547e3" executionId="938b3c69-ed9e-41a9-afae-c3c73c8c8d9f" testListId="8c84fa94-04c1-424b-9868-57a2d4851a1d" />
    <TestEntry testId="0d0a182f-c88c-8656-9d62-62f0eb4bf803" executionId="f7c306f4-6d51-4d15-8d10-8d8f866797f7" testListId="8c84fa94-04c1-424b-9868-57a2d4851a1d" />
  </TestEntries>
  <TestLists>
    <TestList name="Results Not in a List" id="8c84fa94-04c1-424b-9868-57a2d4851a1d" />
    <TestList name="All Loaded Results" id="19431567-8539-422a-85d7-44ee4e166bda" />
  </TestLists>
  <ResultSummary outcome="Completed">
    <Counters total="4" executed="4" passed="4" failed="0" error="0" timeout="0" aborted="0" inconclusive="0" passedButRunAborted="0" notRunnable="0" notExecuted="0" disconnected="0" warning="0" completed="0" inProgress="0" pending="0" />
    <Output>
      <StdOut>[xUnit.net 00:00:00.00] xUnit.net VSTest Adapter v2.4.5+1caef2f33e (64-bit .NET 6.0.8)&#xD;
[xUnit.net 00:00:01.01]   Discovering: Forums.Test&#xD;
[xUnit.net 00:00:01.04]   Discovered:  Forums.Test&#xD;
[xUnit.net 00:00:01.05]   Starting:    Forums.Test&#xD;
[xUnit.net 00:00:01.18]   Finished:    Forums.Test&#xD;
</StdOut>
    </Output>
    <CollectorDataEntries>
      <Collector agentName="PC-CORSAIR" uri="datacollector://microsoft/CoverletCodeCoverage/1.0" collectorDisplayName="XPlat code coverage">
        <UriAttachments>
          <UriAttachment>
            <A href="PC-CORSAIR\coverage.cobertura.xml"></A>
          </UriAttachment>
        </UriAttachments>
      </Collector>
    </CollectorDataEntries>
  </ResultSummary>
</TestRun>