<?xml version="1.0" encoding="utf-8"?>
<TestRun id="891c704c-039c-4aa2-82f2-af73c187b665" name="goert@PC-CORSAIR 2022-11-25 10:39:42" runUser="PC-CORSAIR\goert" xmlns="http://microsoft.com/schemas/VisualStudio/TeamTest/2010">
  <Times creation="2022-11-25T10:39:42.1472432+01:00" queuing="2022-11-25T10:39:42.1472437+01:00" start="2022-11-25T10:39:39.2433503+01:00" finish="2022-11-25T10:39:42.1678745+01:00" />
  <TestSettings name="default" id="c006305a-0bb7-4dca-a25c-79064e463dae">
    <Deployment runDeploymentRoot="goert_PC-CORSAIR_2022-11-25_10_39_42" />
  </TestSettings>
  <Results>
    <UnitTestResult executionId="a189f469-56ee-4a0f-9ee1-38ce5cbbca24" testId="0d0a182f-c88c-8656-9d62-62f0eb4bf803" testName="Forums.Test.Model.Testing.ForumDTOTest.ConstructorTest" computerName="PC-CORSAIR" duration="00:00:00.0281108" startTime="2022-11-25T10:39:41.8148706+01:00" endTime="2022-11-25T10:39:41.8148951+01:00" testType="13cdc9d9-ddb5-4fa4-a97d-d965ccfc6d4b" outcome="Passed" testListId="8c84fa94-04c1-424b-9868-57a2d4851a1d" relativeResultsDirectory="a189f469-56ee-4a0f-9ee1-38ce5cbbca24" />
    <UnitTestResult executionId="73699356-8e7d-41b2-82ae-ec710dbcdecb" testId="225b0d60-259b-a970-a8ac-9482d7dc3967" testName="Forums.Test.UnitTest.QueryTests.GetSingleForum_WithoutId" computerName="PC-CORSAIR" duration="00:00:00.0037417" startTime="2022-11-25T10:39:41.8565424+01:00" endTime="2022-11-25T10:39:41.8565428+01:00" testType="13cdc9d9-ddb5-4fa4-a97d-d965ccfc6d4b" outcome="Passed" testListId="8c84fa94-04c1-424b-9868-57a2d4851a1d" relativeResultsDirectory="73699356-8e7d-41b2-82ae-ec710dbcdecb" />
    <UnitTestResult executionId="83896f08-8d59-4641-b8e3-b0a35694f0c1" testId="e0bd3887-205b-682e-8eb1-dea97da8acfb" testName="Forums.Test.UnitTest.QueryTests.GetSingleForum" computerName="PC-CORSAIR" duration="00:00:00.0013425" startTime="2022-11-25T10:39:41.8579748+01:00" endTime="2022-11-25T10:39:41.8579749+01:00" testType="13cdc9d9-ddb5-4fa4-a97d-d965ccfc6d4b" outcome="Passed" testListId="8c84fa94-04c1-424b-9868-57a2d4851a1d" relativeResultsDirectory="83896f08-8d59-4641-b8e3-b0a35694f0c1" />
    <UnitTestResult executionId="c171b1e6-8931-4291-9f9f-e401890bfafa" testId="3fa26289-8f09-3bf9-13fd-8ff80dc547e3" testName="Forums.Test.UnitTest.QueryTests.GetAllForums" computerName="PC-CORSAIR" duration="00:00:00.0722283" startTime="2022-11-25T10:39:41.8527158+01:00" endTime="2022-11-25T10:39:41.8527159+01:00" testType="13cdc9d9-ddb5-4fa4-a97d-d965ccfc6d4b" outcome="Passed" testListId="8c84fa94-04c1-424b-9868-57a2d4851a1d" relativeResultsDirectory="c171b1e6-8931-4291-9f9f-e401890bfafa" />
  </Results>
  <TestDefinitions>
    <UnitTest name="Forums.Test.UnitTest.QueryTests.GetSingleForum_WithoutId" storage="d:\forums.api\forums.test\bin\debug\net6.0\forums.test.dll" id="225b0d60-259b-a970-a8ac-9482d7dc3967">
      <Execution id="73699356-8e7d-41b2-82ae-ec710dbcdecb" />
      <TestMethod codeBase="D:\Forums.API\Forums.Test\bin\Debug\net6.0\Forums.Test.dll" adapterTypeName="executor://xunit/VsTestRunner2/netcoreapp" className="Forums.Test.UnitTest.QueryTests" name="GetSingleForum_WithoutId" />
    </UnitTest>
    <UnitTest name="Forums.Test.UnitTest.QueryTests.GetAllForums" storage="d:\forums.api\forums.test\bin\debug\net6.0\forums.test.dll" id="3fa26289-8f09-3bf9-13fd-8ff80dc547e3">
      <Execution id="c171b1e6-8931-4291-9f9f-e401890bfafa" />
      <TestMethod codeBase="D:\Forums.API\Forums.Test\bin\Debug\net6.0\Forums.Test.dll" adapterTypeName="executor://xunit/VsTestRunner2/netcoreapp" className="Forums.Test.UnitTest.QueryTests" name="GetAllForums" />
    </UnitTest>
    <UnitTest name="Forums.Test.UnitTest.QueryTests.GetSingleForum" storage="d:\forums.api\forums.test\bin\debug\net6.0\forums.test.dll" id="e0bd3887-205b-682e-8eb1-dea97da8acfb">
      <Execution id="83896f08-8d59-4641-b8e3-b0a35694f0c1" />
      <TestMethod codeBase="D:\Forums.API\Forums.Test\bin\Debug\net6.0\Forums.Test.dll" adapterTypeName="executor://xunit/VsTestRunner2/netcoreapp" className="Forums.Test.UnitTest.QueryTests" name="GetSingleForum" />
    </UnitTest>
    <UnitTest name="Forums.Test.Model.Testing.ForumDTOTest.ConstructorTest" storage="d:\forums.api\forums.test\bin\debug\net6.0\forums.test.dll" id="0d0a182f-c88c-8656-9d62-62f0eb4bf803">
      <Execution id="a189f469-56ee-4a0f-9ee1-38ce5cbbca24" />
      <TestMethod codeBase="D:\Forums.API\Forums.Test\bin\Debug\net6.0\Forums.Test.dll" adapterTypeName="executor://xunit/VsTestRunner2/netcoreapp" className="Forums.Test.Model.Testing.ForumDTOTest" name="ConstructorTest" />
    </UnitTest>
  </TestDefinitions>
  <TestEntries>
    <TestEntry testId="0d0a182f-c88c-8656-9d62-62f0eb4bf803" executionId="a189f469-56ee-4a0f-9ee1-38ce5cbbca24" testListId="8c84fa94-04c1-424b-9868-57a2d4851a1d" />
    <TestEntry testId="225b0d60-259b-a970-a8ac-9482d7dc3967" executionId="73699356-8e7d-41b2-82ae-ec710dbcdecb" testListId="8c84fa94-04c1-424b-9868-57a2d4851a1d" />
    <TestEntry testId="e0bd3887-205b-682e-8eb1-dea97da8acfb" executionId="83896f08-8d59-4641-b8e3-b0a35694f0c1" testListId="8c84fa94-04c1-424b-9868-57a2d4851a1d" />
    <TestEntry testId="3fa26289-8f09-3bf9-13fd-8ff80dc547e3" executionId="c171b1e6-8931-4291-9f9f-e401890bfafa" testListId="8c84fa94-04c1-424b-9868-57a2d4851a1d" />
  </TestEntries>
  <TestLists>
    <TestList name="Results Not in a List" id="8c84fa94-04c1-424b-9868-57a2d4851a1d" />
    <TestList name="All Loaded Results" id="19431567-8539-422a-85d7-44ee4e166bda" />
  </TestLists>
  <ResultSummary outcome="Completed">
    <Counters total="4" executed="4" passed="4" failed="0" error="0" timeout="0" aborted="0" inconclusive="0" passedButRunAborted="0" notRunnable="0" notExecuted="0" disconnected="0" warning="0" completed="0" inProgress="0" pending="0" />
    <Output>
      <StdOut>[xUnit.net 00:00:00.00] xUnit.net VSTest Adapter v2.4.5+1caef2f33e (64-bit .NET 6.0.8)&#xD;
[xUnit.net 00:00:00.95]   Discovering: Forums.Test&#xD;
[xUnit.net 00:00:00.98]   Discovered:  Forums.Test&#xD;
[xUnit.net 00:00:00.98]   Starting:    Forums.Test&#xD;
[xUnit.net 00:00:01.11]   Finished:    Forums.Test&#xD;
</StdOut>
    </Output>
    <CollectorDataEntries>
      <Collector agentName="PC-CORSAIR" uri="datacollector://microsoft/CoverletCodeCoverage/1.0" collectorDisplayName="XPlat code coverage">
        <UriAttachments>
          <UriAttachment>
            <A href="PC-CORSAIR\coverage.cobertura.xml"></A>
          </UriAttachment>
        </UriAttachments>
      </Collector>
    </CollectorDataEntries>
  </ResultSummary>
</TestRun>